============================= test session starts ==============================
platform darwin -- Python 3.10.6, pytest-7.2.1, pluggy-1.0.0 -- /Users/brunolajoie/.pyenv/versions/3.10.6/envs/taxifare-source/bin/python3.10
cachedir: .pytest_cache
rootdir: /Users/brunolajoie/code/lewagon/taxi-fare/tests, configfile: pytest_kitt.ini
plugins: asyncio-0.20.3, anyio-3.6.2
asyncio: mode=strict
collecting ... collected 5 items

tests/lifecycle/test_mlflow.py::TestMlflow::test_model_target_is_mlflow PASSED [ 20%]
tests/lifecycle/test_mlflow.py::TestMlflow::test_mlflow_experiment_is_not_null PASSED [ 40%]
tests/lifecycle/test_mlflow.py::TestMlflow::test_mlflow_model_name_is_not_null PASSED [ 60%]
tests/lifecycle/test_prefect.py::TestPrefect::test_prefect_flow_name_is_not_null PASSED [ 80%]
tests/lifecycle/test_prefect.py::TestPrefect::test_prefect_log_level_is_warning PASSED [100%]

============================== 5 passed in 0.03s ===============================
